(
  (func + v0 v1
  )
  (func - v0 v1
  )
  (func * v0 v1
  )
  (func / v0 v1
  )
  (func > v0 v1
  )
  (func < v0 v1
  )
  (func = v0 v1
  )
  (func fib_recursive v0 v1 v2
    (bb0
    (let v3 0)
    (let v4 (call = v0 v3))
    (if-goto v4 bb3 else bb4)
    )
    (bb1
    (return v10)
    )
    (bb2
    (let v10 (phi (bb6 nil) (bb5 v9) (bb3 v1)))
    (goto bb1)
    )
    (bb3
    (goto bb2)
    )
    (bb4
    (let v5 1)
    (if-goto v5 bb5 else bb6)
    )
    (bb5
    (let v6 1)
    (let v7 (call - v0 v6))
    (let v8 (call + v1 v2))
    (let v9 (call fib_recursive v7 v2 v8))
    (goto bb2)
    )
    (bb6
    (goto bb2)
    )
  )
  (func calculate_fib v0
    (bb0
    (let v1 0)
    (let v2 (call = v0 v1))
    (if-goto v2 bb3 else bb4)
    )
    (bb1
    (return v8)
    )
    (bb2
    (let v8 (phi (bb6 nil) (bb5 v7) (bb3 v3)))
    (goto bb1)
    )
    (bb3
    (let v3 0)
    (goto bb2)
    )
    (bb4
    (let v4 1)
    (if-goto v4 bb5 else bb6)
    )
    (bb5
    (let v5 0)
    (let v6 1)
    (let v7 (call fib_recursive v0 v5 v6))
    (goto bb2)
    )
    (bb6
    (goto bb2)
    )
  )
  (func sum_fib_range v0 v1
    (bb0
    (let v2 0)
    (let v3 (call = v0 v2))
    (if-goto v3 bb3 else bb4)
    )
    (bb1
    (return v10)
    )
    (bb2
    (let v10 (phi (bb6 nil) (bb5 v9) (bb3 v1)))
    (goto bb1)
    )
    (bb3
    (goto bb2)
    )
    (bb4
    (let v4 1)
    (if-goto v4 bb5 else bb6)
    )
    (bb5
    (let v5 1)
    (let v6 (call - v0 v5))
    (let v7 (call calculate_fib v0))
    (let v8 (call + v1 v7))
    (let v9 (call sum_fib_range v6 v8))
    (goto bb2)
    )
    (bb6
    (goto bb2)
    )
  )
  (func main
    (bb0
    (let v0 300)
    (let v1 0)
    (let v2 (call sum_fib_range v0 v1))
    (goto bb1)
    )
    (bb1
    (return v2)
    )
  )
)
